<?xml version="1.0" encoding="UTF-8"?>
<testsuite xmlns:xsi="http://www.w3.org/2001/XMLSchema-instance" xsi:noNamespaceSchemaLocation="https://maven.apache.org/surefire/maven-surefire-plugin/xsd/surefire-test-report-3.0.xsd" version="3.0" name="com.fintech.backtester.service.strategy.MeanReversionStrategyTest" time="0.149" tests="6" errors="0" skipped="0" failures="0">
  <properties>
[...]
</properties>
  <testcase name="shouldReturnEmptyForInvalidInput" classname="com.fintech.backtester.service.strategy.MeanReversionStrategyTest" time="0.073"/>
  <testcase name="shouldGenerateMultipleSignals" classname="com.fintech.backtester.service.strategy.MeanReversionStrategyTest" time="0.009"/>
  <testcase name="shouldBuyAtExactThreshold" classname="com.fintech.backtester.service.strategy.MeanReversionStrategyTest" time="0.003"/>
  <testcase name="shouldGenerateBuySignalOnPriceDrop" classname="com.fintech.backtester.service.strategy.MeanReversionStrategyTest" time="0.003"/>
  <testcase name="shouldGenerateHoldSignalOnSmallChange" classname="com.fintech.backtester.service.strategy.MeanReversionStrategyTest" time="0.0"/>
  <testcase name="shouldGenerateSellSignalOnPriceRise" classname="com.fintech.backtester.service.strategy.MeanReversionStrategyTest" time="0.003"/>
</testsuite>